2025-04-10 03:17:12 Loading main app package /usr/lib/obsidian/obsidian.asar
2025-04-10 03:17:12 Checking for update using Github
2025-04-10 03:17:12 Success.
2025-04-10 03:17:12 Latest version is 1.8.9
2025-04-10 03:17:12 App is up to date.
2025-04-10 10:30:14 Loading main app package /usr/lib/obsidian/obsidian.asar
2025-04-10 10:30:14 Checking for update using Github
2025-04-10 10:30:14 Success.
2025-04-10 10:30:14 Latest version is 1.8.9
2025-04-10 10:30:14 App is up to date.
2025-04-10 11:17:05 Loading main app package /usr/lib/obsidian/obsidian.asar
2025-04-10 11:17:05 Checking for update using Github
2025-04-10 11:17:05 Success.
2025-04-10 11:17:05 Latest version is 1.8.9
2025-04-10 11:17:05 App is up to date.
2025-04-10 11:28:18 Loading main app package /usr/lib/obsidian/obsidian.asar
2025-04-10 11:28:18 Checking for update using Github
2025-04-10 11:28:18 Success.
2025-04-10 11:28:18 Latest version is 1.8.9
2025-04-10 11:28:18 App is up to date.
2025-04-10 12:28:18 Checking for update using Github
2025-04-10 12:28:18 Success.
2025-04-10 12:28:18 Latest version is 1.8.9
2025-04-10 12:28:18 App is up to date.
2025-04-10 13:28:18 Checking for update using Github
2025-04-10 13:28:18 Success.
2025-04-10 13:28:18 Latest version is 1.8.9
2025-04-10 13:28:18 App is up to date.
2025-04-10 14:28:18 Checking for update using Github
2025-04-10 14:28:18 Success.
2025-04-10 14:28:18 Latest version is 1.8.9
2025-04-10 14:28:18 App is up to date.
2025-04-10 14:30:05 Loading main app package /usr/lib/obsidian/obsidian.asar
2025-04-10 14:30:05 Checking for update using Github
2025-04-10 14:30:05 Success.
2025-04-10 14:30:05 Latest version is 1.8.9
2025-04-10 14:30:05 App is up to date.
2025-04-10 14:40:55 Loading main app package /usr/lib/obsidian/obsidian.asar
2025-04-10 14:40:55 Checking for update using Github
2025-04-10 14:40:55 Success.
2025-04-10 14:40:55 Latest version is 1.8.9
2025-04-10 14:40:55 App is up to date.
